2022-03-12 19:57:44,285 INFO o.h.v.i.u.Version [background-preinit] HV000001: Hibernate Validator 6.2.2.Final
2022-03-12 19:57:44,363 INFO o.s.b.StartupInfoLogger [restartedMain] Starting XFaturApplication using Java 1.8.0_211 on home-PC with PID 4256 (C:\Users\home\git\xfatur\xfatur\target\classes started by home in C:\Users\home\git\xfatur\xfatur)
2022-03-12 19:57:44,363 DEBUG o.s.b.StartupInfoLogger [restartedMain] Running with Spring Boot v2.6.4, Spring v5.3.16
2022-03-12 19:57:44,363 INFO o.s.b.SpringApplication [restartedMain] The following 1 profile is active: "dev"
2022-03-12 19:57:44,753 INFO o.s.b.l.DeferredLog [restartedMain] Devtools property defaults active! Set 'spring.devtools.add-properties' to 'false' to disable
2022-03-12 19:57:44,753 INFO o.s.b.l.DeferredLog [restartedMain] For additional web related logging consider setting the 'logging.level.web' property to 'DEBUG'
2022-03-12 19:57:45,829 INFO o.s.d.r.c.RepositoryConfigurationDelegate [restartedMain] Bootstrapping Spring Data JPA repositories in DEFAULT mode.
2022-03-12 19:57:46,033 INFO o.s.d.r.c.RepositoryConfigurationDelegate [restartedMain] Finished Spring Data repository scanning in 188 ms. Found 25 JPA repository interfaces.
2022-03-12 19:57:47,219 INFO o.s.b.w.e.t.TomcatWebServer [restartedMain] Tomcat initialized with port(s): 8080 (http)
2022-03-12 19:57:47,234 INFO o.a.j.l.DirectJDKLog [restartedMain] Initializing ProtocolHandler ["http-nio-8080"]
2022-03-12 19:57:47,234 INFO o.a.j.l.DirectJDKLog [restartedMain] Starting service [Tomcat]
2022-03-12 19:57:47,234 INFO o.a.j.l.DirectJDKLog [restartedMain] Starting Servlet engine: [Apache Tomcat/9.0.58]
2022-03-12 19:57:47,391 INFO o.a.j.l.DirectJDKLog [restartedMain] Initializing Spring embedded WebApplicationContext
2022-03-12 19:57:47,391 INFO o.s.b.w.s.c.ServletWebServerApplicationContext [restartedMain] Root WebApplicationContext: initialization completed in 2638 ms
2022-03-12 19:57:47,641 INFO o.h.j.i.u.LogHelper [restartedMain] HHH000204: Processing PersistenceUnitInfo [name: default]
2022-03-12 19:57:47,703 INFO o.h.Version [restartedMain] HHH000412: Hibernate ORM core version 5.6.5.Final
2022-03-12 19:57:47,953 INFO o.h.a.c.r.j.JavaReflectionManager [restartedMain] HCANN000001: Hibernate Commons Annotations {5.1.2.Final}
2022-03-12 19:57:48,109 INFO c.z.h.HikariDataSource [restartedMain] HikariPool-1 - Starting...
2022-03-12 19:57:48,249 INFO c.z.h.HikariDataSource [restartedMain] HikariPool-1 - Start completed.
2022-03-12 19:57:48,297 INFO o.h.d.Dialect [restartedMain] HHH000400: Using dialect: org.hibernate.dialect.PostgreSQL94Dialect
2022-03-12 19:57:49,826 INFO o.h.e.t.j.p.i.JtaPlatformInitiator [restartedMain] HHH000490: Using JtaPlatform implementation: [org.hibernate.engine.transaction.jta.platform.internal.NoJtaPlatform]
2022-03-12 19:57:49,841 INFO o.s.o.j.AbstractEntityManagerFactoryBean [restartedMain] Initialized JPA EntityManagerFactory for persistence unit 'default'
2022-03-12 19:57:52,872 INFO o.s.b.d.a.OptionalLiveReloadServer [restartedMain] LiveReload server is running on port 35729
2022-03-12 19:57:52,887 INFO o.a.j.l.DirectJDKLog [restartedMain] Starting ProtocolHandler ["http-nio-8080"]
2022-03-12 19:57:52,920 INFO o.s.b.w.e.t.TomcatWebServer [restartedMain] Tomcat started on port(s): 8080 (http) with context path ''
2022-03-12 19:57:52,920 INFO o.s.b.StartupInfoLogger [restartedMain] Started XFaturApplication in 9.281 seconds (JVM running for 10.324)
2022-03-12 19:59:41,046 INFO o.a.j.l.DirectJDKLog [http-nio-8080-exec-1] Initializing Spring DispatcherServlet 'dispatcherServlet'
2022-03-12 19:59:41,046 INFO o.s.w.s.FrameworkServlet [http-nio-8080-exec-1] Initializing Servlet 'dispatcherServlet'
2022-03-12 19:59:41,052 INFO o.s.w.s.FrameworkServlet [http-nio-8080-exec-1] Completed initialization in 6 ms
